0 info it worked if it ends with ok
1 verbose cli [ '/usr/bin/nodejs',
1 verbose cli   '/usr/bin/npm',
1 verbose cli   'install',
1 verbose cli   '/proj/SENSS/SEN_git/SENSS/Setup/Netronome/js_deps/cytoscape-dagre-2.2.2.tgz' ]
2 info using npm@1.3.10
3 info using node@v0.10.25
4 verbose cache add [ '/proj/SENSS/SEN_git/SENSS/Setup/Netronome/js_deps/cytoscape-dagre-2.2.2.tgz',
4 verbose cache add   null ]
5 verbose cache add name=undefined spec="/proj/SENSS/SEN_git/SENSS/Setup/Netronome/js_deps/cytoscape-dagre-2.2.2.tgz" args=["/proj/SENSS/SEN_git/SENSS/Setup/Netronome/js_deps/cytoscape-dagre-2.2.2.tgz",null]
6 verbose parsed url { protocol: null,
6 verbose parsed url   slashes: null,
6 verbose parsed url   auth: null,
6 verbose parsed url   host: null,
6 verbose parsed url   port: null,
6 verbose parsed url   hostname: null,
6 verbose parsed url   hash: null,
6 verbose parsed url   search: null,
6 verbose parsed url   query: null,
6 verbose parsed url   pathname: '/proj/SENSS/SEN_git/SENSS/Setup/Netronome/js_deps/cytoscape-dagre-2.2.2.tgz',
6 verbose parsed url   path: '/proj/SENSS/SEN_git/SENSS/Setup/Netronome/js_deps/cytoscape-dagre-2.2.2.tgz',
6 verbose parsed url   href: '/proj/SENSS/SEN_git/SENSS/Setup/Netronome/js_deps/cytoscape-dagre-2.2.2.tgz' }
7 silly lockFile 837d9f8c-s-deps-cytoscape-dagre-2-2-2-tgz /proj/SENSS/SEN_git/SENSS/Setup/Netronome/js_deps/cytoscape-dagre-2.2.2.tgz
8 verbose lock /proj/SENSS/SEN_git/SENSS/Setup/Netronome/js_deps/cytoscape-dagre-2.2.2.tgz /users/satyaman/.npm/837d9f8c-s-deps-cytoscape-dagre-2-2-2-tgz.lock
9 silly lockFile 837d9f8c-s-deps-cytoscape-dagre-2-2-2-tgz /proj/SENSS/SEN_git/SENSS/Setup/Netronome/js_deps/cytoscape-dagre-2.2.2.tgz
10 silly lockFile 837d9f8c-s-deps-cytoscape-dagre-2-2-2-tgz /proj/SENSS/SEN_git/SENSS/Setup/Netronome/js_deps/cytoscape-dagre-2.2.2.tgz
11 error addLocal Could not install /proj/SENSS/SEN_git/SENSS/Setup/Netronome/js_deps/cytoscape-dagre-2.2.2.tgz
12 error Error: ENOENT, stat '/proj/SENSS/SEN_git/SENSS/Setup/Netronome/js_deps/cytoscape-dagre-2.2.2.tgz'
13 error If you need help, you may report this log at:
13 error     <http://github.com/isaacs/npm/issues>
13 error or email it to:
13 error     <npm-@googlegroups.com>
14 error System Linux 3.13.0-68-generic
15 error command "/usr/bin/nodejs" "/usr/bin/npm" "install" "/proj/SENSS/SEN_git/SENSS/Setup/Netronome/js_deps/cytoscape-dagre-2.2.2.tgz"
16 error cwd /var/www/html/SENSS/UI_client_server/Client
17 error node -v v0.10.25
18 error npm -v 1.3.10
19 error path /proj/SENSS/SEN_git/SENSS/Setup/Netronome/js_deps/cytoscape-dagre-2.2.2.tgz
20 error code ENOENT
21 error errno 34
22 verbose exit [ 34, true ]
